
========================================
📄 경인TF 우용욱 난청 접수 스캔본.pdf
========================================
페이지: 77, 크기: 7199KB
  [Step 1] 13청크에서 표준문답서 검색...
    [p1-6] ✓ 19건 발견
  ⏱ 179s, 사람 산정 19건
  [Step 2] 16청크에서 4대보험 추출...
  ⏱ 465s
  raw: 고용산재 23, 건보 1, 연금 6, 일용 313
  사업장 통합: 20개

📊 비교 결과:
  사람: 15개 사업장
  시스템: 20개 사업장
  ✅ 매칭: 15개 (100%)
  ❌ 사람만: 0개
  ⚠️ 시스템만: 4개

  시스템에만 있음 (사람 누락):
    - (주)아키윅스 (2024-01 ~ 2026-03) [고용산재]
    - 이 지역 (1999-04 ~ 2010-10) [연금]
    - 임의계속 (2012-01 ~ 2016-07) [연금]
    - 국민연금공단 (2019-01 ~ 2020-12) [연금]

  소음노출 (사람 산정): 15/15건 노출 인정

========================================
📄 서울동부TF) 정신행 난청 스캔본.pdf
========================================
페이지: 88, 크기: 7625KB
  [Step 1] 15청크에서 표준문답서 검색...
    [p1-6] ✓ 16건 발견
  ⏱ 168s, 사람 산정 16건
  [Step 2] 18청크에서 4대보험 추출...
  ⏱ 234s
  raw: 고용산재 8, 건보 6, 연금 3, 일용 22
  사업장 통합: 7개

📊 비교 결과:
  사람: 15개 사업장
  시스템: 7개 사업장
  ✅ 매칭: 5개 (33%)
  ❌ 사람만: 10개
  ⚠️ 시스템만: 1개

  사람 산정에만 있음 (시스템 누락):
    - 라성모방(주) (2006-01 ~ 2006-12) 🔊
    - 동서섬유 외 1곳 (2007-01 ~ 2007-12) 🔊
    - 동화기계 외 2곳 (2008-01 ~ 2008-12) 🔊
    - 주식회사 그린천에너지 외 1곳 (2009-01 ~ 2009-12) 🔊
    - 양주시 광적면 덕도리 154-3 공장 신축공사 [신우건설산업주식회사] (2009-08 ~ 2009-08) 
    - 주식회사 그린천에너지 외 2곳 (2010-01 ~ 2010-12) 🔊
    - 석순섬유 (2011-01 ~ 2011-12) 🔊
    - 경기섬유산업(주) (2012-01 ~ 2012-12) 🔊
    - 미광빔 외 1곳 (2013-01 ~ 2013-12) 🔊
    - 스피드샘플테크주식회사 (2018-09 ~ 2018-09) 🔊

  시스템에만 있음 (사람 누락):
    - 지역 (1999-04 ~ 2003-02) [연금]

  소음노출 (사람 산정): 2/5건 노출 인정
