
========== 경인TF 우용욱 난청 접수 스캔본.pdf ==========
페이지: 77, 크기: 7199KB

[1] 사람이 만든 직업력 산정표 검색...
총 77p, 청크 분할 (10p씩)...
(46s)
  [p1-10] 발견:
    상용 23건
    일용 0건
    요약: 총 근무기간 합계 총 약 15년 5개월 4일. 근무기간 산정은 4대보험을 기준으로 산정함.
  [p31-40] 발견:
    상용 0건
    일용 16건

[2] 4대보험 자료 직접 추출...
(3s)
  고용산재: 0
  건보: 0
  연금: 0
  일용직: 0

[3] 비교:
  사람: 상용 23건 + 일용 0건
  시스템: 상용 0건 + 일용 0건

========== 서울동부TF) 정신행 난청 스캔본.pdf ==========
페이지: 88, 크기: 7625KB

[1] 사람이 만든 직업력 산정표 검색...
총 88p, 청크 분할 (10p씩)...
(4s)
  사람 작성 직업력 산정표 없음

[2] 4대보험 자료 직접 추출...
(5s)
  고용산재: 0
  건보: 0
  연금: 0
  일용직: 0

[3] 비교:
  사람 산정표 없어서 비교 불가

========== 울산TF) 이준철 난청 스캔본.pdf ==========
페이지: 219, 크기: 47014KB
⚠️ 파일 너무 큼 (47014KB > 30MB), 스킵
