
========== 경인TF 우용욱 난청 접수 스캔본.pdf ==========
페이지: 77, 크기: 7199KB

[1] 사람 작성 산정표 검색...
  10 청크
  [p1-8] error: ApiError: {"error":{"code":403,"message":"Your API key was reported as leaked. P
  [p9-16] error: ApiError: {"error":{"code":403,"message":"Your API key was reported as leaked. P
  [p17-24] error: ApiError: {"error":{"code":403,"message":"Your API key was reported as leaked. P
  [p25-32] error: ApiError: {"error":{"code":403,"message":"Your API key was reported as leaked. P
  [p33-40] error: ApiError: {"error":{"code":403,"message":"Your API key was reported as leaked. P
  [p41-48] error: ApiError: {"error":{"code":403,"message":"Your API key was reported as leaked. P
  [p49-56] error: ApiError: {"error":{"code":403,"message":"Your API key was reported as leaked. P
  [p57-64] error: ApiError: {"error":{"code":403,"message":"Your API key was reported as leaked. P
  [p65-72] error: ApiError: {"error":{"code":403,"message":"Your API key was reported as leaked. P
  [p73-77] error: ApiError: {"error":{"code":403,"message":"Your API key was reported as leaked. P
(9s)

[2] 4대보험 자료 추출...
  16 청크
  [p1-5] error: ApiError: {"error":{"code":403,"message":"Your API key was reported as leaked. P
  [p6-10] error: ApiError: {"error":{"code":403,"message":"Your API key was reported as leaked. P
  [p11-15] error: ApiError: {"error":{"code":403,"message":"Your API key was reported as leaked. P
  [p16-20] error: ApiError: {"error":{"code":403,"message":"Your API key was reported as leaked. P
  [p21-25] error: ApiError: {"error":{"code":403,"message":"Your API key was reported as leaked. P
  [p26-30] error: ApiError: {"error":{"code":403,"message":"Your API key was reported as leaked. P
  [p31-35] error: ApiError: {"error":{"code":403,"message":"Your API key was reported as leaked. P
  [p36-40] error: ApiError: {"error":{"code":403,"message":"Your API key was reported as leaked. P
  [p41-45] error: ApiError: {"error":{"code":403,"message":"Your API key was reported as leaked. P
  [p46-50] error: ApiError: {"error":{"code":403,"message":"Your API key was reported as leaked. P
  [p51-55] error: ApiError: {"error":{"code":403,"message":"Your API key was reported as leaked. P
  [p56-60] error: ApiError: {"error":{"code":403,"message":"Your API key was reported as leaked. P
  [p61-65] error: ApiError: {"error":{"code":403,"message":"Your API key was reported as leaked. P
  [p66-70] error: ApiError: {"error":{"code":403,"message":"Your API key was reported as leaked. P
  [p71-75] error: ApiError: {"error":{"code":403,"message":"Your API key was reported as leaked. P
  [p76-77] error: ApiError: {"error":{"code":403,"message":"Your API key was reported as leaked. P
(12s)

[3] 비교:
  사람 산정표 없음

========== 서울동부TF) 정신행 난청 스캔본.pdf ==========
페이지: 88, 크기: 7625KB

[1] 사람 작성 산정표 검색...
  11 청크
  [p1-8] error: ApiError: {"error":{"code":403,"message":"Your API key was reported as leaked. P
  [p9-16] error: ApiError: {"error":{"code":403,"message":"Your API key was reported as leaked. P
  [p17-24] error: ApiError: {"error":{"code":403,"message":"Your API key was reported as leaked. P
  [p25-32] error: ApiError: {"error":{"code":403,"message":"Your API key was reported as leaked. P
  [p33-40] error: ApiError: {"error":{"code":403,"message":"Your API key was reported as leaked. P
  [p41-48] error: ApiError: {"error":{"code":403,"message":"Your API key was reported as leaked. P
  [p49-56] error: ApiError: {"error":{"code":403,"message":"Your API key was reported as leaked. P
  [p57-64] error: ApiError: {"error":{"code":403,"message":"Your API key was reported as leaked. P
  [p65-72] error: ApiError: {"error":{"code":403,"message":"Your API key was reported as leaked. P
  [p73-80] error: ApiError: {"error":{"code":403,"message":"Your API key was reported as leaked. P
  [p81-88] error: ApiError: {"error":{"code":403,"message":"Your API key was reported as leaked. P
(12s)

[2] 4대보험 자료 추출...
  18 청크
  [p1-5] error: ApiError: {"error":{"code":403,"message":"Your API key was reported as leaked. P
  [p6-10] error: ApiError: {"error":{"code":403,"message":"Your API key was reported as leaked. P
  [p11-15] error: ApiError: {"error":{"code":403,"message":"Your API key was reported as leaked. P
  [p16-20] error: ApiError: {"error":{"code":403,"message":"Your API key was reported as leaked. P
  [p21-25] error: ApiError: {"error":{"code":403,"message":"Your API key was reported as leaked. P
  [p26-30] error: ApiError: {"error":{"code":403,"message":"Your API key was reported as leaked. P
  [p31-35] error: ApiError: {"error":{"code":403,"message":"Your API key was reported as leaked. P
  [p36-40] error: ApiError: {"error":{"code":403,"message":"Your API key was reported as leaked. P
  [p41-45] error: ApiError: {"error":{"code":403,"message":"Your API key was reported as leaked. P
  [p46-50] error: ApiError: {"error":{"code":403,"message":"Your API key was reported as leaked. P
  [p51-55] error: ApiError: {"error":{"code":403,"message":"Your API key was reported as leaked. P
  [p56-60] error: ApiError: {"error":{"code":403,"message":"Your API key was reported as leaked. P
  [p61-65] error: ApiError: {"error":{"code":403,"message":"Your API key was reported as leaked. P
  [p66-70] error: ApiError: {"error":{"code":403,"message":"Your API key was reported as leaked. P
  [p71-75] error: ApiError: {"error":{"code":403,"message":"Your API key was reported as leaked. P
  [p76-80] error: ApiError: {"error":{"code":403,"message":"Your API key was reported as leaked. P
  [p81-85] error: ApiError: {"error":{"code":403,"message":"Your API key was reported as leaked. P
  [p86-88] error: ApiError: {"error":{"code":403,"message":"Your API key was reported as leaked. P
(16s)

[3] 비교:
  사람 산정표 없음
