
========== 경인TF 우용욱 난청 접수 스캔본.pdf ==========
페이지: 77, 크기: 7199KB

[1] 사람 작성 산정표 검색...
  10 청크
  [p1-8] ✓ 발견 — 상용 23건, 일용 0건
  [p33-40] ✓ 발견 — 상용 16건, 일용 40건
(212s)

[2] 4대보험 자료 추출...
  16 청크
  [p1-5] 고용:0 건보:0 연금:0 일용:0
  [p6-10] 고용:0 건보:0 연금:0 일용:0
  [p11-15] 고용:0 건보:0 연금:0 일용:0
  [p16-20] 고용:0 건보:14 연금:0 일용:0
  [p21-25] 고용:0 건보:0 연금:0 일용:0
  [p26-30] 고용:0 건보:0 연금:0 일용:113
  [p31-35] 고용:0 건보:0 연금:0 일용:88
  [p36-40] error: SyntaxError: Unexpected non-whitespace character after JSON at position 112 (lin
  [p41-45] 고용:0 건보:0 연금:0 일용:7
  [p46-50] 고용:0 건보:0 연금:0 일용:0
  [p51-55] 고용:0 건보:0 연금:0 일용:0
  [p56-60] 고용:0 건보:0 연금:0 일용:0
  [p61-65] 고용:0 건보:0 연금:0 일용:0
  [p66-70] 고용:0 건보:0 연금:0 일용:9
  [p71-75] 고용:0 건보:0 연금:0 일용:0
  [p76-77] 고용:0 건보:0 연금:0 일용:0
(818s)

[3] 비교:
  사람: 상용 39건 + 일용 40건
  요약: 총 근무기간 합계 총 약 15년 5개월 4일
근무기간 산정은 4대보험을 기준으로 산정함. / 복지수첩에 첨부된 증지 총 누계: 472일.
  시스템: 상용 0건 + 일용 217건 (건보 14 + 연금 0)

========== 서울동부TF) 정신행 난청 스캔본.pdf ==========
페이지: 88, 크기: 7625KB

[1] 사람 작성 산정표 검색...
  11 청크
  [p1-8] ✓ 발견 — 상용 13건, 일용 3건
(156s)

[2] 4대보험 자료 추출...
  18 청크
  [p1-5] 고용:0 건보:0 연금:0 일용:0
  [p6-10] 고용:0 건보:0 연금:0 일용:0
  [p11-15] 고용:0 건보:0 연금:0 일용:0
  [p16-20] 고용:3 건보:0 연금:0 일용:3
  [p21-25] 고용:0 건보:0 연금:0 일용:0
  [p26-30] 고용:0 건보:0 연금:0 일용:0
  [p31-35] 고용:0 건보:0 연금:0 일용:0
  [p36-40] 고용:0 건보:0 연금:0 일용:0
  [p41-45] 고용:0 건보:0 연금:0 일용:0
  [p46-50] 고용:0 건보:0 연금:0 일용:0
  [p51-55] 고용:0 건보:0 연금:0 일용:0
  [p56-60] 고용:0 건보:4 연금:0 일용:0
  [p61-65] 고용:0 건보:0 연금:0 일용:0
  [p66-70] 고용:0 건보:0 연금:0 일용:0
  [p71-75] 고용:0 건보:0 연금:0 일용:0
  [p76-80] 고용:0 건보:0 연금:0 일용:0
  [p81-85] 고용:0 건보:0 연금:0 일용:0
  [p86-88] 고용:0 건보:0 연금:0 일용:0
(223s)

[3] 비교:
  사람: 상용 13건 + 일용 3건
  요약: 총 근무기간 합계 약 12년 1개월
  시스템: 상용 3건 + 일용 3건 (건보 4 + 연금 0)
  사업장 매칭: 3/13 (23%)
